<?xml version="1.0" encoding="UTF-8"?>
<!-- Generated by org.testng.reporters.JUnitReportReporter -->
<testsuite skipped="0" hostname="WILASSETA0056.local" name="Tests.Login" tests="1" failures="0" timestamp="2024-01-15T23:15:05 IST" time="0.004" errors="0">
  <testcase name="loginmethod" time="0.004" classname="Tests.Login"/>
  <system-out/>
</testsuite> <!-- Tests.Login -->
