<?xml version="1.0" encoding="UTF-8"?>
<!-- Generated by org.testng.reporters.JUnitReportReporter -->
<testsuite skipped="0" hostname="WILASSETA0056.local" name="Tests.RegistrationTest" tests="1" failures="0" timestamp="2024-03-09T22:38:34 IST" time="1.892" errors="0">
  <testcase name="register" time="1.892" classname="Tests.RegistrationTest"/>
  <system-out/>
</testsuite> <!-- Tests.RegistrationTest -->
