<?xml version="1.0" encoding="UTF-8"?>
<!-- Generated by org.testng.reporters.JUnitReportReporter -->
<testsuite skipped="0" hostname="ip-10-212-134-161.ap-south-1.compute.internal" name="Tests.RegistrationTest" tests="1" failures="0" timestamp="2024-01-18T13:32:08 IST" time="0.862" errors="0">
  <testcase name="register" time="0.862" classname="Tests.RegistrationTest"/>
  <system-out/>
</testsuite> <!-- Tests.RegistrationTest -->
