<?xml version="1.0" encoding="UTF-8"?>
<!-- Generated by org.testng.reporters.JUnitReportReporter -->
<testsuite skipped="0" hostname="WILASSETA0056.local" name="Tests.LoginTest" tests="1" failures="0" timestamp="2024-01-16T22:23:53 IST" time="0.005" errors="0">
  <testcase name="loginmethod" time="0.005" classname="Tests.LoginTest"/>
  <system-out/>
</testsuite> <!-- Tests.LoginTest -->
