<?xml version="1.0" encoding="UTF-8"?>
<!-- Generated by org.testng.reporters.JUnitReportReporter -->
<testsuite skipped="0" hostname="ip-10-212-134-161.ap-south-1.compute.internal" name="Tests.LoginTest" tests="1" failures="0" timestamp="2024-01-18T13:20:01 IST" time="0.005" errors="0">
  <testcase name="loginmethod" time="0.005" classname="Tests.LoginTest"/>
  <system-out/>
</testsuite> <!-- Tests.LoginTest -->
